mode: set
github.com/owulveryck/toscalib/node_template.go:25.70,26.40 1 1
github.com/owulveryck/toscalib/node_template.go:29.2,29.62 1 1
github.com/owulveryck/toscalib/node_template.go:26.40,28.3 1 1
github.com/owulveryck/toscalib/node_template.go:34.67,36.16 2 1
github.com/owulveryck/toscalib/node_template.go:39.2,43.49 5 1
github.com/owulveryck/toscalib/node_template.go:36.16,38.3 1 1
github.com/owulveryck/toscalib/node_template.go:43.49,44.32 1 1
github.com/owulveryck/toscalib/node_template.go:44.32,45.40 1 1
github.com/owulveryck/toscalib/node_template.go:45.40,48.12 3 1
github.com/owulveryck/toscalib/node_template.go:55.5,56.29 2 1
github.com/owulveryck/toscalib/node_template.go:49.5,50.96 1 0
github.com/owulveryck/toscalib/node_template.go:51.5,52.24 1 1
github.com/owulveryck/toscalib/node_template.go:53.5,53.13 0 1
github.com/owulveryck/toscalib/node_template.go:62.45,64.2 1 1
github.com/owulveryck/toscalib/interfaces.go:22.86,24.38 2 1
github.com/owulveryck/toscalib/interfaces.go:28.2,34.40 2 1
github.com/owulveryck/toscalib/interfaces.go:37.2,40.12 4 1
github.com/owulveryck/toscalib/interfaces.go:24.38,27.3 2 1
github.com/owulveryck/toscalib/interfaces.go:34.40,36.3 1 0
github.com/owulveryck/toscalib/interfaces.go:55.79,57.38 2 1
github.com/owulveryck/toscalib/interfaces.go:61.2,67.40 2 1
github.com/owulveryck/toscalib/interfaces.go:70.2,73.12 4 1
github.com/owulveryck/toscalib/interfaces.go:57.38,60.3 2 1
github.com/owulveryck/toscalib/interfaces.go:67.40,69.3 1 0
github.com/owulveryck/toscalib/requirements.go:12.88,16.16 3 1
github.com/owulveryck/toscalib/requirements.go:21.2,29.16 4 1
github.com/owulveryck/toscalib/requirements.go:32.2,36.12 5 1
github.com/owulveryck/toscalib/requirements.go:16.16,19.3 2 1
github.com/owulveryck/toscalib/requirements.go:29.16,31.3 1 0
github.com/owulveryck/toscalib/node_type.go:21.72,22.40 1 1
github.com/owulveryck/toscalib/node_type.go:25.2,25.68 1 1
github.com/owulveryck/toscalib/node_type.go:22.40,24.3 1 1
github.com/owulveryck/toscalib/normative_definitions.go:23.60,25.16 2 1
github.com/owulveryck/toscalib/normative_definitions.go:29.2,33.16 4 1
github.com/owulveryck/toscalib/normative_definitions.go:36.2,36.18 1 1
github.com/owulveryck/toscalib/normative_definitions.go:40.2,40.25 1 1
github.com/owulveryck/toscalib/normative_definitions.go:25.16,27.3 1 0
github.com/owulveryck/toscalib/normative_definitions.go:33.16,35.3 1 0
github.com/owulveryck/toscalib/normative_definitions.go:36.18,38.3 1 0
github.com/owulveryck/toscalib/normative_definitions.go:55.41,57.2 1 0
github.com/owulveryck/toscalib/normative_definitions.go:58.40,60.2 1 0
github.com/owulveryck/toscalib/normative_definitions.go:61.46,63.2 1 0
github.com/owulveryck/toscalib/normative_definitions.go:64.47,66.2 1 0
github.com/owulveryck/toscalib/normative_definitions.go:67.40,69.2 1 0
github.com/owulveryck/toscalib/normative_definitions.go:70.45,72.2 1 0
github.com/owulveryck/toscalib/normative_definitions.go:76.46,81.2 1 1
github.com/owulveryck/toscalib/normative_definitions.go:83.41,85.16 2 1
github.com/owulveryck/toscalib/normative_definitions.go:89.2,91.15 3 1
github.com/owulveryck/toscalib/normative_definitions.go:85.16,87.3 1 0
github.com/owulveryck/toscalib/normative_definitions.go:96.45,101.2 1 1
github.com/owulveryck/toscalib/normative_definitions.go:103.40,105.16 2 1
github.com/owulveryck/toscalib/normative_definitions.go:109.2,111.15 3 1
github.com/owulveryck/toscalib/normative_definitions.go:105.16,107.3 1 0
github.com/owulveryck/toscalib/normative_definitions.go:116.40,121.2 1 1
github.com/owulveryck/toscalib/normative_definitions.go:123.35,125.16 2 1
github.com/owulveryck/toscalib/normative_definitions.go:129.2,131.15 3 1
github.com/owulveryck/toscalib/normative_definitions.go:125.16,127.3 1 0
github.com/owulveryck/toscalib/normative_definitions.go:136.48,141.2 1 1
github.com/owulveryck/toscalib/normative_definitions.go:143.43,145.16 2 1
github.com/owulveryck/toscalib/normative_definitions.go:149.2,151.15 3 1
github.com/owulveryck/toscalib/normative_definitions.go:145.16,147.3 1 0
github.com/owulveryck/toscalib/normative_definitions.go:157.41,159.43 2 1
github.com/owulveryck/toscalib/normative_definitions.go:166.2,166.52 1 0
github.com/owulveryck/toscalib/normative_definitions.go:159.43,161.17 2 1
github.com/owulveryck/toscalib/normative_definitions.go:164.3,164.22 1 1
github.com/owulveryck/toscalib/normative_definitions.go:161.17,163.4 1 0
github.com/owulveryck/toscalib/normative_definitions.go:171.36,173.16 2 0
github.com/owulveryck/toscalib/normative_definitions.go:177.2,177.10 1 0
github.com/owulveryck/toscalib/normative_definitions.go:173.16,174.54 1 0
github.com/owulveryck/toscalib/normative_definitions.go:183.50,185.43 2 0
github.com/owulveryck/toscalib/normative_definitions.go:192.2,192.56 1 0
github.com/owulveryck/toscalib/normative_definitions.go:185.43,187.17 2 0
github.com/owulveryck/toscalib/normative_definitions.go:190.3,190.21 1 0
github.com/owulveryck/toscalib/normative_definitions.go:187.17,189.4 1 0
github.com/owulveryck/toscalib/normative_definitions.go:196.28,198.29 2 0
github.com/owulveryck/toscalib/normative_definitions.go:201.2,201.14 1 0
github.com/owulveryck/toscalib/normative_definitions.go:198.29,200.3 1 0
github.com/owulveryck/toscalib/normative_definitions.go:225.46,227.20 2 0
github.com/owulveryck/toscalib/normative_definitions.go:237.2,237.22 1 0
github.com/owulveryck/toscalib/normative_definitions.go:240.2,241.39 2 0
github.com/owulveryck/toscalib/normative_definitions.go:244.2,244.16 1 0
github.com/owulveryck/toscalib/normative_definitions.go:227.20,230.30 3 0
github.com/owulveryck/toscalib/normative_definitions.go:230.30,232.19 2 0
github.com/owulveryck/toscalib/normative_definitions.go:232.19,234.5 1 0
github.com/owulveryck/toscalib/normative_definitions.go:237.22,239.3 1 0
github.com/owulveryck/toscalib/normative_definitions.go:241.39,243.3 1 0
github.com/owulveryck/toscalib/normative_definitions.go:259.43,261.16 2 0
github.com/owulveryck/toscalib/normative_definitions.go:264.2,265.16 2 0
github.com/owulveryck/toscalib/normative_definitions.go:268.2,269.16 2 0
github.com/owulveryck/toscalib/normative_definitions.go:272.2,273.16 2 0
github.com/owulveryck/toscalib/normative_definitions.go:276.2,277.16 2 0
github.com/owulveryck/toscalib/normative_definitions.go:280.2,280.12 1 0
github.com/owulveryck/toscalib/normative_definitions.go:261.16,263.3 1 0
github.com/owulveryck/toscalib/normative_definitions.go:265.16,267.3 1 0
github.com/owulveryck/toscalib/normative_definitions.go:269.16,271.3 1 0
github.com/owulveryck/toscalib/normative_definitions.go:273.16,275.3 1 0
github.com/owulveryck/toscalib/normative_definitions.go:277.16,279.3 1 0
github.com/owulveryck/toscalib/normative_definitions.go:284.44,287.16 2 0
github.com/owulveryck/toscalib/normative_definitions.go:291.2,291.33 1 0
github.com/owulveryck/toscalib/normative_definitions.go:297.2,297.12 1 0
github.com/owulveryck/toscalib/normative_definitions.go:287.16,289.3 1 0
github.com/owulveryck/toscalib/normative_definitions.go:291.33,293.17 2 0
github.com/owulveryck/toscalib/normative_definitions.go:293.17,295.4 1 0
github.com/owulveryck/toscalib/normative_definitions.go:300.41,303.2 2 0
github.com/owulveryck/toscalib/parser.go:17.57,17.83 1 0
github.com/owulveryck/toscalib/parser.go:20.56,20.86 1 1
github.com/owulveryck/toscalib/parser.go:23.69,23.99 1 0
github.com/owulveryck/toscalib/parser.go:24.69,24.99 1 0
github.com/owulveryck/toscalib/parser.go:25.69,25.99 1 1
github.com/owulveryck/toscalib/parser.go:26.69,26.99 1 0
github.com/owulveryck/toscalib/parser.go:27.69,27.99 1 0
github.com/owulveryck/toscalib/parser.go:28.69,28.99 1 1
github.com/owulveryck/toscalib/parser.go:29.69,29.99 1 0
github.com/owulveryck/toscalib/parser.go:30.69,30.99 1 0
github.com/owulveryck/toscalib/parser.go:34.97,35.80 1 1
github.com/owulveryck/toscalib/parser.go:40.2,40.12 1 0
github.com/owulveryck/toscalib/parser.go:35.80,36.23 1 1
github.com/owulveryck/toscalib/parser.go:36.23,38.4 1 1
github.com/owulveryck/toscalib/parser.go:46.98,47.77 1 0
github.com/owulveryck/toscalib/parser.go:52.2,52.12 1 0
github.com/owulveryck/toscalib/parser.go:47.77,48.51 1 0
github.com/owulveryck/toscalib/parser.go:48.51,50.4 1 0
github.com/owulveryck/toscalib/parser.go:57.78,63.75 4 1
github.com/owulveryck/toscalib/parser.go:70.2,70.83 1 1
github.com/owulveryck/toscalib/parser.go:130.2,131.12 2 1
github.com/owulveryck/toscalib/parser.go:63.75,68.3 3 1
github.com/owulveryck/toscalib/parser.go:70.83,74.37 3 1
github.com/owulveryck/toscalib/parser.go:128.3,128.26 1 1
github.com/owulveryck/toscalib/parser.go:74.37,75.68 1 1
github.com/owulveryck/toscalib/parser.go:75.68,76.68 1 1
github.com/owulveryck/toscalib/parser.go:76.68,89.38 2 1
github.com/owulveryck/toscalib/parser.go:89.38,113.7 12 0
github.com/owulveryck/toscalib/parser.go:113.7,123.7 7 1
github.com/owulveryck/toscalib/parser.go:135.70,138.39 2 1
github.com/owulveryck/toscalib/parser.go:141.2,141.39 1 1
github.com/owulveryck/toscalib/parser.go:144.2,147.36 3 1
github.com/owulveryck/toscalib/parser.go:150.2,150.36 1 1
github.com/owulveryck/toscalib/parser.go:153.2,156.36 3 1
github.com/owulveryck/toscalib/parser.go:159.2,159.36 1 1
github.com/owulveryck/toscalib/parser.go:162.2,165.40 3 1
github.com/owulveryck/toscalib/parser.go:168.2,168.40 1 1
github.com/owulveryck/toscalib/parser.go:171.2,174.44 3 1
github.com/owulveryck/toscalib/parser.go:177.2,177.44 1 1
github.com/owulveryck/toscalib/parser.go:180.2,183.42 3 1
github.com/owulveryck/toscalib/parser.go:186.2,186.42 1 1
github.com/owulveryck/toscalib/parser.go:189.2,192.41 3 1
github.com/owulveryck/toscalib/parser.go:195.2,195.41 1 1
github.com/owulveryck/toscalib/parser.go:198.2,199.10 2 1
github.com/owulveryck/toscalib/parser.go:138.39,140.3 1 0
github.com/owulveryck/toscalib/parser.go:141.39,143.3 1 0
github.com/owulveryck/toscalib/parser.go:147.36,149.3 1 0
github.com/owulveryck/toscalib/parser.go:150.36,152.3 1 0
github.com/owulveryck/toscalib/parser.go:156.36,158.3 1 1
github.com/owulveryck/toscalib/parser.go:159.36,161.3 1 1
github.com/owulveryck/toscalib/parser.go:165.40,167.3 1 0
github.com/owulveryck/toscalib/parser.go:168.40,170.3 1 0
github.com/owulveryck/toscalib/parser.go:174.44,176.3 1 1
github.com/owulveryck/toscalib/parser.go:177.44,179.3 1 1
github.com/owulveryck/toscalib/parser.go:183.42,185.3 1 1
github.com/owulveryck/toscalib/parser.go:186.42,188.3 1 1
github.com/owulveryck/toscalib/parser.go:192.41,194.3 1 1
github.com/owulveryck/toscalib/parser.go:195.41,197.3 1 1
github.com/owulveryck/toscalib/parser.go:203.62,206.16 3 1
github.com/owulveryck/toscalib/parser.go:211.2,212.16 2 1
github.com/owulveryck/toscalib/parser.go:216.2,216.111 1 1
github.com/owulveryck/toscalib/parser.go:229.2,229.33 1 1
github.com/owulveryck/toscalib/parser.go:275.2,277.56 3 1
github.com/owulveryck/toscalib/parser.go:281.2,283.53 2 1
github.com/owulveryck/toscalib/parser.go:289.2,289.16 1 1
github.com/owulveryck/toscalib/parser.go:292.2,292.12 1 1
github.com/owulveryck/toscalib/parser.go:206.16,208.3 1 0
github.com/owulveryck/toscalib/parser.go:212.16,214.3 1 0
github.com/owulveryck/toscalib/parser.go:216.111,218.17 2 1
github.com/owulveryck/toscalib/parser.go:222.3,224.17 3 1
github.com/owulveryck/toscalib/parser.go:227.3,227.23 1 1
github.com/owulveryck/toscalib/parser.go:218.17,221.4 2 0
github.com/owulveryck/toscalib/parser.go:224.17,226.4 1 0
github.com/owulveryck/toscalib/parser.go:229.33,231.17 2 1
github.com/owulveryck/toscalib/parser.go:234.3,235.19 2 1
github.com/owulveryck/toscalib/parser.go:266.3,269.17 3 1
github.com/owulveryck/toscalib/parser.go:272.3,272.23 1 1
github.com/owulveryck/toscalib/parser.go:231.17,233.4 1 0
github.com/owulveryck/toscalib/parser.go:236.3,238.18 2 0
github.com/owulveryck/toscalib/parser.go:242.4,244.18 3 0
github.com/owulveryck/toscalib/parser.go:248.3,250.18 2 1
github.com/owulveryck/toscalib/parser.go:254.4,256.18 3 1
github.com/owulveryck/toscalib/parser.go:260.3,262.18 2 1
github.com/owulveryck/toscalib/parser.go:238.18,241.5 1 0
github.com/owulveryck/toscalib/parser.go:244.18,247.5 1 0
github.com/owulveryck/toscalib/parser.go:250.18,253.5 1 0
github.com/owulveryck/toscalib/parser.go:256.18,259.5 1 0
github.com/owulveryck/toscalib/parser.go:262.18,264.5 1 0
github.com/owulveryck/toscalib/parser.go:269.17,271.4 1 0
github.com/owulveryck/toscalib/parser.go:277.56,279.3 1 1
github.com/owulveryck/toscalib/parser.go:283.53,288.3 3 1
github.com/owulveryck/toscalib/parser.go:289.16,291.3 1 0
github.com/owulveryck/toscalib/properties.go:28.85,31.38 3 1
github.com/owulveryck/toscalib/properties.go:35.2,36.38 2 1
github.com/owulveryck/toscalib/properties.go:42.2,43.39 2 1
github.com/owulveryck/toscalib/properties.go:49.2,51.52 3 0
github.com/owulveryck/toscalib/properties.go:31.38,34.3 2 1
github.com/owulveryck/toscalib/properties.go:36.38,37.23 1 1
github.com/owulveryck/toscalib/properties.go:40.3,40.13 1 1
github.com/owulveryck/toscalib/properties.go:37.23,39.4 1 0
github.com/owulveryck/toscalib/properties.go:43.39,44.24 1 1
github.com/owulveryck/toscalib/properties.go:47.3,47.13 1 1
github.com/owulveryck/toscalib/properties.go:44.24,46.4 1 0
github.com/owulveryck/toscalib/service_template.go:27.66,30.2 2 0
github.com/owulveryck/toscalib/service_template.go:33.67,36.2 2 0
github.com/owulveryck/toscalib/capabilities.go:14.87,18.16 3 1
github.com/owulveryck/toscalib/capabilities.go:23.2,33.16 4 1
github.com/owulveryck/toscalib/capabilities.go:36.2,43.12 7 1
github.com/owulveryck/toscalib/capabilities.go:18.16,21.3 2 1
github.com/owulveryck/toscalib/capabilities.go:33.16,35.3 1 0
github.com/owulveryck/toscalib/constraints.go:9.53,11.2 1 0
github.com/owulveryck/toscalib/constraints.go:24.64,24.79 1 0
github.com/owulveryck/toscalib/constraints.go:27.92,30.16 3 1
github.com/owulveryck/toscalib/constraints.go:33.2,35.25 3 1
github.com/owulveryck/toscalib/constraints.go:40.2,42.12 2 1
github.com/owulveryck/toscalib/constraints.go:30.16,32.3 1 0
github.com/owulveryck/toscalib/constraints.go:35.25,39.3 2 1
github.com/owulveryck/toscalib/tosca_namespace_alias.go:94.78,97.16 3 0
github.com/owulveryck/toscalib/tosca_namespace_alias.go:101.2,102.22 2 0
github.com/owulveryck/toscalib/tosca_namespace_alias.go:106.2,107.16 2 0
github.com/owulveryck/toscalib/tosca_namespace_alias.go:110.2,110.23 1 0
github.com/owulveryck/toscalib/tosca_namespace_alias.go:117.2,118.12 2 0
github.com/owulveryck/toscalib/tosca_namespace_alias.go:97.16,99.3 1 0
github.com/owulveryck/toscalib/tosca_namespace_alias.go:102.22,104.3 1 0
github.com/owulveryck/toscalib/tosca_namespace_alias.go:107.16,109.3 1 0
github.com/owulveryck/toscalib/tosca_namespace_alias.go:110.23,113.33 2 0
github.com/owulveryck/toscalib/tosca_namespace_alias.go:113.33,115.4 1 0
github.com/owulveryck/toscalib/tosca_namespace_alias.go:125.55,127.46 1 1
github.com/owulveryck/toscalib/tosca_namespace_alias.go:131.2,133.16 3 1
github.com/owulveryck/toscalib/tosca_namespace_alias.go:136.2,142.9 5 1
github.com/owulveryck/toscalib/tosca_namespace_alias.go:127.46,129.3 1 1
github.com/owulveryck/toscalib/tosca_namespace_alias.go:133.16,135.3 1 1
github.com/owulveryck/toscalib/tosca_namespace_alias.go:143.2,156.38 3 1
github.com/owulveryck/toscalib/tosca_namespace_alias.go:157.2,165.43 3 1
github.com/owulveryck/toscalib/tosca_namespace_alias.go:166.2,177.53 3 1
github.com/owulveryck/toscalib/tosca_namespace_alias.go:178.2,179.48 1 1
